Started GET "/" for 127.0.0.1 at 2024-09-18 09:59:05 +0300
  
ActiveRecord::NoDatabaseError (We could not find your database: server_development. Available database configurations can be found in config/database.yml.

To resolve this error:

- Did you not create the database, or did you delete it? To create the database, run:

    bin/rails db:create

- Has the database name changed? Verify that config/database.yml contains the correct database name.
):
  
activerecord (7.1.4) lib/active_record/connection_adapters/postgresql_adapter.rb:74:in `rescue in new_client'
activerecord (7.1.4) lib/active_record/connection_adapters/postgresql_adapter.rb:68:in `new_client'
activerecord (7.1.4) lib/active_record/connection_adapters/postgresql_adapter.rb:980:in `connect'
activerecord (7.1.4) lib/active_record/connection_adapters/postgresql_adapter.rb:992:in `reconnect'
activerecord (7.1.4) lib/active_record/connection_adapters/abstract_adapter.rb:685:in `block in reconnect!'
activesupport (7.1.4) lib/active_support/concurrency/null_lock.rb:9:in `synchronize'
activerecord (7.1.4) lib/active_record/connection_adapters/abstract_adapter.rb:684:in `reconnect!'
activerecord (7.1.4) lib/active_record/connection_adapters/abstract_adapter.rb:786:in `block in verify!'
activesupport (7.1.4) lib/active_support/concurrency/null_lock.rb:9:in `synchronize'
activerecord (7.1.4) lib/active_record/connection_adapters/abstract_adapter.rb:777:in `verify!'
activerecord (7.1.4) lib/active_record/connection_adapters/abstract_adapter.rb:794:in `connect!'
activerecord (7.1.4) lib/active_record/connection_adapters/abstract_adapter.rb:1000:in `block in with_raw_connection'
activesupport (7.1.4) lib/active_support/concurrency/null_lock.rb:9:in `synchronize'
activerecord (7.1.4) lib/active_record/connection_adapters/abstract_adapter.rb:999:in `with_raw_connection'
activerecord (7.1.4) lib/active_record/connection_adapters/abstract_adapter.rb:1112:in `valid_raw_connection'
activerecord (7.1.4) lib/active_record/connection_adapters/postgresql_adapter.rb:616:in `get_database_version'
activerecord (7.1.4) lib/active_record/connection_adapters/schema_cache.rb:374:in `database_version'
activerecord (7.1.4) lib/active_record/connection_adapters/schema_cache.rb:70:in `database_version'
activerecord (7.1.4) lib/active_record/connection_adapters/schema_cache.rb:200:in `database_version'
activerecord (7.1.4) lib/active_record/connection_adapters/abstract_adapter.rb:870:in `database_version'
activerecord (7.1.4) lib/active_record/connection_adapters/postgresql_adapter.rb:644:in `check_version'
activerecord (7.1.4) lib/active_record/connection_adapters/abstract/connection_pool.rb:680:in `new_connection'
activerecord (7.1.4) lib/active_record/connection_adapters/abstract/connection_pool.rb:730:in `checkout_new_connection'
activerecord (7.1.4) lib/active_record/connection_adapters/abstract/connection_pool.rb:709:in `try_to_checkout_new_connection'
activerecord (7.1.4) lib/active_record/connection_adapters/abstract/connection_pool.rb:654:in `acquire_connection'
activerecord (7.1.4) lib/active_record/connection_adapters/abstract/connection_pool.rb:353:in `checkout'
activerecord (7.1.4) lib/active_record/connection_adapters/abstract/connection_pool.rb:182:in `connection'
activerecord (7.1.4) lib/active_record/migration/pending_migration_connection.rb:8:in `establish_temporary_connection'
activerecord (7.1.4) lib/active_record/migration.rb:774:in `block in pending_migrations'
activerecord (7.1.4) lib/active_record/migration.rb:773:in `each'
activerecord (7.1.4) lib/active_record/migration.rb:773:in `pending_migrations'
activerecord (7.1.4) lib/active_record/migration.rb:752:in `check_pending_migrations'
activerecord (7.1.4) lib/active_record/migration.rb:644:in `block (2 levels) in call'
activesupport (7.1.4) lib/active_support/file_update_checker.rb:85:in `execute'
activerecord (7.1.4) lib/active_record/migration.rb:649:in `block in call'
activerecord (7.1.4) lib/active_record/migration.rb:641:in `synchronize'
activerecord (7.1.4) lib/active_record/migration.rb:641:in `call'
actionpack (7.1.4) lib/action_dispatch/middleware/callbacks.rb:29:in `block in call'
activesupport (7.1.4) lib/active_support/callbacks.rb:101:in `run_callbacks'
actionpack (7.1.4) lib/action_dispatch/middleware/callbacks.rb:28:in `call'
actionpack (7.1.4) lib/action_dispatch/middleware/executor.rb:14:in `call'
actionpack (7.1.4) lib/action_dispatch/middleware/actionable_exceptions.rb:16:in `call'
actionpack (7.1.4) lib/action_dispatch/middleware/debug_exceptions.rb:29:in `call'
actionpack (7.1.4) lib/action_dispatch/middleware/show_exceptions.rb:31:in `call'
railties (7.1.4) lib/rails/rack/logger.rb:37:in `call_app'
railties (7.1.4) lib/rails/rack/logger.rb:24:in `block in call'
activesupport (7.1.4) lib/active_support/tagged_logging.rb:139:in `block in tagged'
activesupport (7.1.4) lib/active_support/tagged_logging.rb:39:in `tagged'
activesupport (7.1.4) lib/active_support/tagged_logging.rb:139:in `tagged'
activesupport (7.1.4) lib/active_support/broadcast_logger.rb:241:in `method_missing'
railties (7.1.4) lib/rails/rack/logger.rb:24:in `call'
actionpack (7.1.4) lib/action_dispatch/middleware/remote_ip.rb:92:in `call'
actionpack (7.1.4) lib/action_dispatch/middleware/request_id.rb:28:in `call'
rack (3.1.7) lib/rack/runtime.rb:24:in `call'
activesupport (7.1.4) lib/active_support/cache/strategy/local_cache_middleware.rb:29:in `call'
actionpack (7.1.4) lib/action_dispatch/middleware/server_timing.rb:59:in `block in call'
actionpack (7.1.4) lib/action_dispatch/middleware/server_timing.rb:24:in `collect_events'
actionpack (7.1.4) lib/action_dispatch/middleware/server_timing.rb:58:in `call'
actionpack (7.1.4) lib/action_dispatch/middleware/executor.rb:14:in `call'
actionpack (7.1.4) lib/action_dispatch/middleware/static.rb:25:in `call'
rack (3.1.7) lib/rack/sendfile.rb:114:in `call'
actionpack (7.1.4) lib/action_dispatch/middleware/host_authorization.rb:141:in `call'
railties (7.1.4) lib/rails/engine.rb:536:in `call'
puma (6.4.2) lib/puma/configuration.rb:272:in `call'
puma (6.4.2) lib/puma/request.rb:100:in `block in handle_request'
puma (6.4.2) lib/puma/thread_pool.rb:378:in `with_force_shutdown'
puma (6.4.2) lib/puma/request.rb:99:in `handle_request'
puma (6.4.2) lib/puma/server.rb:464:in `process_client'
puma (6.4.2) lib/puma/server.rb:245:in `block in run'
puma (6.4.2) lib/puma/thread_pool.rb:155:in `block in spawn_thread'
Started GET "/favicon.ico" for 127.0.0.1 at 2024-09-18 09:59:06 +0300
  
ActiveRecord::NoDatabaseError (We could not find your database: server_development. Available database configurations can be found in config/database.yml.

To resolve this error:

- Did you not create the database, or did you delete it? To create the database, run:

    bin/rails db:create

- Has the database name changed? Verify that config/database.yml contains the correct database name.
):
  
activerecord (7.1.4) lib/active_record/connection_adapters/postgresql_adapter.rb:74:in `rescue in new_client'
activerecord (7.1.4) lib/active_record/connection_adapters/postgresql_adapter.rb:68:in `new_client'
activerecord (7.1.4) lib/active_record/connection_adapters/postgresql_adapter.rb:980:in `connect'
activerecord (7.1.4) lib/active_record/connection_adapters/postgresql_adapter.rb:992:in `reconnect'
activerecord (7.1.4) lib/active_record/connection_adapters/abstract_adapter.rb:685:in `block in reconnect!'
activesupport (7.1.4) lib/active_support/concurrency/null_lock.rb:9:in `synchronize'
activerecord (7.1.4) lib/active_record/connection_adapters/abstract_adapter.rb:684:in `reconnect!'
activerecord (7.1.4) lib/active_record/connection_adapters/abstract_adapter.rb:786:in `block in verify!'
activesupport (7.1.4) lib/active_support/concurrency/null_lock.rb:9:in `synchronize'
activerecord (7.1.4) lib/active_record/connection_adapters/abstract_adapter.rb:777:in `verify!'
activerecord (7.1.4) lib/active_record/connection_adapters/abstract_adapter.rb:794:in `connect!'
activerecord (7.1.4) lib/active_record/connection_adapters/abstract_adapter.rb:1000:in `block in with_raw_connection'
activesupport (7.1.4) lib/active_support/concurrency/null_lock.rb:9:in `synchronize'
activerecord (7.1.4) lib/active_record/connection_adapters/abstract_adapter.rb:999:in `with_raw_connection'
activerecord (7.1.4) lib/active_record/connection_adapters/abstract_adapter.rb:1112:in `valid_raw_connection'
activerecord (7.1.4) lib/active_record/connection_adapters/postgresql_adapter.rb:616:in `get_database_version'
activerecord (7.1.4) lib/active_record/connection_adapters/schema_cache.rb:374:in `database_version'
activerecord (7.1.4) lib/active_record/connection_adapters/schema_cache.rb:70:in `database_version'
activerecord (7.1.4) lib/active_record/connection_adapters/schema_cache.rb:200:in `database_version'
activerecord (7.1.4) lib/active_record/connection_adapters/abstract_adapter.rb:870:in `database_version'
activerecord (7.1.4) lib/active_record/connection_adapters/postgresql_adapter.rb:644:in `check_version'
activerecord (7.1.4) lib/active_record/connection_adapters/abstract/connection_pool.rb:680:in `new_connection'
activerecord (7.1.4) lib/active_record/connection_adapters/abstract/connection_pool.rb:730:in `checkout_new_connection'
activerecord (7.1.4) lib/active_record/connection_adapters/abstract/connection_pool.rb:709:in `try_to_checkout_new_connection'
activerecord (7.1.4) lib/active_record/connection_adapters/abstract/connection_pool.rb:654:in `acquire_connection'
activerecord (7.1.4) lib/active_record/connection_adapters/abstract/connection_pool.rb:353:in `checkout'
activerecord (7.1.4) lib/active_record/connection_adapters/abstract/connection_pool.rb:182:in `connection'
activerecord (7.1.4) lib/active_record/migration/pending_migration_connection.rb:8:in `establish_temporary_connection'
activerecord (7.1.4) lib/active_record/migration.rb:774:in `block in pending_migrations'
activerecord (7.1.4) lib/active_record/migration.rb:773:in `each'
activerecord (7.1.4) lib/active_record/migration.rb:773:in `pending_migrations'
activerecord (7.1.4) lib/active_record/migration.rb:752:in `check_pending_migrations'
activerecord (7.1.4) lib/active_record/migration.rb:644:in `block (2 levels) in call'
activesupport (7.1.4) lib/active_support/file_update_checker.rb:85:in `execute'
activerecord (7.1.4) lib/active_record/migration.rb:649:in `block in call'
activerecord (7.1.4) lib/active_record/migration.rb:641:in `synchronize'
activerecord (7.1.4) lib/active_record/migration.rb:641:in `call'
actionpack (7.1.4) lib/action_dispatch/middleware/callbacks.rb:29:in `block in call'
activesupport (7.1.4) lib/active_support/callbacks.rb:101:in `run_callbacks'
actionpack (7.1.4) lib/action_dispatch/middleware/callbacks.rb:28:in `call'
actionpack (7.1.4) lib/action_dispatch/middleware/executor.rb:14:in `call'
actionpack (7.1.4) lib/action_dispatch/middleware/actionable_exceptions.rb:16:in `call'
actionpack (7.1.4) lib/action_dispatch/middleware/debug_exceptions.rb:29:in `call'
actionpack (7.1.4) lib/action_dispatch/middleware/show_exceptions.rb:31:in `call'
railties (7.1.4) lib/rails/rack/logger.rb:37:in `call_app'
railties (7.1.4) lib/rails/rack/logger.rb:24:in `block in call'
activesupport (7.1.4) lib/active_support/tagged_logging.rb:139:in `block in tagged'
activesupport (7.1.4) lib/active_support/tagged_logging.rb:39:in `tagged'
activesupport (7.1.4) lib/active_support/tagged_logging.rb:139:in `tagged'
activesupport (7.1.4) lib/active_support/broadcast_logger.rb:241:in `method_missing'
railties (7.1.4) lib/rails/rack/logger.rb:24:in `call'
actionpack (7.1.4) lib/action_dispatch/middleware/remote_ip.rb:92:in `call'
actionpack (7.1.4) lib/action_dispatch/middleware/request_id.rb:28:in `call'
rack (3.1.7) lib/rack/runtime.rb:24:in `call'
activesupport (7.1.4) lib/active_support/cache/strategy/local_cache_middleware.rb:29:in `call'
actionpack (7.1.4) lib/action_dispatch/middleware/server_timing.rb:59:in `block in call'
actionpack (7.1.4) lib/action_dispatch/middleware/server_timing.rb:24:in `collect_events'
actionpack (7.1.4) lib/action_dispatch/middleware/server_timing.rb:58:in `call'
actionpack (7.1.4) lib/action_dispatch/middleware/executor.rb:14:in `call'
actionpack (7.1.4) lib/action_dispatch/middleware/static.rb:25:in `call'
rack (3.1.7) lib/rack/sendfile.rb:114:in `call'
actionpack (7.1.4) lib/action_dispatch/middleware/host_authorization.rb:141:in `call'
railties (7.1.4) lib/rails/engine.rb:536:in `call'
puma (6.4.2) lib/puma/configuration.rb:272:in `call'
puma (6.4.2) lib/puma/request.rb:100:in `block in handle_request'
puma (6.4.2) lib/puma/thread_pool.rb:378:in `with_force_shutdown'
puma (6.4.2) lib/puma/request.rb:99:in `handle_request'
puma (6.4.2) lib/puma/server.rb:464:in `process_client'
puma (6.4.2) lib/puma/server.rb:245:in `block in run'
puma (6.4.2) lib/puma/thread_pool.rb:155:in `block in spawn_thread'
  [1m[35m (139.8ms)[0m  [1m[35mCREATE DATABASE "server_development" ENCODING = 'unicode'[0m
  [1m[35m (40.7ms)[0m  [1m[35mCREATE DATABASE "server_test" ENCODING = 'unicode'[0m
  [1m[35m (18.0ms)[0m  [1m[35mCREATE TABLE "schema_migrations" ("version" character varying NOT NULL PRIMARY KEY)[0m
  [1m[35m (2.8ms)[0m  [1m[35mCREATE TABLE "ar_internal_metadata" ("key" character varying NOT NULL PRIMARY KEY, "value" character varying, "created_at" timestamp(6) NOT NULL, "updated_at" timestamp(6) NOT NULL)[0m
  [1m[35m (0.4ms)[0m  [1m[34mSELECT pg_try_advisory_lock(4709995827031202925)[0m
  [1m[36mActiveRecord::SchemaMigration Load (0.9ms)[0m  [1m[34mSELECT "schema_migrations"."version" FROM "schema_migrations" ORDER BY "schema_migrations"."version" ASC[0m
  [1m[36mActiveRecord::InternalMetadata Load (2.3ms)[0m  [1m[34mSELECT * FROM "ar_internal_metadata" WHERE "ar_internal_metadata"."key" = $1 ORDER BY "ar_internal_metadata"."key" ASC LIMIT 1[0m  [[nil, "environment"]]
  [1m[36mActiveRecord::InternalMetadata Create (3.2ms)[0m  [1m[32mINSERT INTO "ar_internal_metadata" ("key", "value", "created_at", "updated_at") VALUES ('environment', 'development', '2024-09-18 07:09:01.390650', '2024-09-18 07:09:01.390653') RETURNING "key"[0m
Migrating to CreateTasks (20240918065853)
  [1m[35m (0.2ms)[0m  [1m[34mSELECT pg_advisory_unlock(4709995827031202925)[0m
Started GET "/" for 127.0.0.1 at 2024-09-18 10:23:12 +0300
  [1m[36mActiveRecord::SchemaMigration Load (1.4ms)[0m  [1m[34mSELECT "schema_migrations"."version" FROM "schema_migrations" ORDER BY "schema_migrations"."version" ASC[0m
  
ActiveRecord::PendingMigrationError (

Migrations are pending. To resolve this issue, run:

        bin/rails db:migrate

You have 1 pending migration:

db/migrate/20240918065853_create_tasks.rb


):
  
activerecord (7.1.4) lib/active_record/migration.rb:755:in `check_pending_migrations'
activerecord (7.1.4) lib/active_record/migration.rb:644:in `block (2 levels) in call'
activesupport (7.1.4) lib/active_support/file_update_checker.rb:85:in `execute'
activerecord (7.1.4) lib/active_record/migration.rb:649:in `block in call'
activerecord (7.1.4) lib/active_record/migration.rb:641:in `synchronize'
activerecord (7.1.4) lib/active_record/migration.rb:641:in `call'
actionpack (7.1.4) lib/action_dispatch/middleware/callbacks.rb:29:in `block in call'
activesupport (7.1.4) lib/active_support/callbacks.rb:101:in `run_callbacks'
actionpack (7.1.4) lib/action_dispatch/middleware/callbacks.rb:28:in `call'
actionpack (7.1.4) lib/action_dispatch/middleware/executor.rb:14:in `call'
actionpack (7.1.4) lib/action_dispatch/middleware/actionable_exceptions.rb:16:in `call'
actionpack (7.1.4) lib/action_dispatch/middleware/debug_exceptions.rb:29:in `call'
actionpack (7.1.4) lib/action_dispatch/middleware/show_exceptions.rb:31:in `call'
railties (7.1.4) lib/rails/rack/logger.rb:37:in `call_app'
railties (7.1.4) lib/rails/rack/logger.rb:24:in `block in call'
activesupport (7.1.4) lib/active_support/tagged_logging.rb:139:in `block in tagged'
activesupport (7.1.4) lib/active_support/tagged_logging.rb:39:in `tagged'
activesupport (7.1.4) lib/active_support/tagged_logging.rb:139:in `tagged'
activesupport (7.1.4) lib/active_support/broadcast_logger.rb:241:in `method_missing'
railties (7.1.4) lib/rails/rack/logger.rb:24:in `call'
actionpack (7.1.4) lib/action_dispatch/middleware/remote_ip.rb:92:in `call'
actionpack (7.1.4) lib/action_dispatch/middleware/request_id.rb:28:in `call'
rack (3.1.7) lib/rack/runtime.rb:24:in `call'
activesupport (7.1.4) lib/active_support/cache/strategy/local_cache_middleware.rb:29:in `call'
actionpack (7.1.4) lib/action_dispatch/middleware/server_timing.rb:59:in `block in call'
actionpack (7.1.4) lib/action_dispatch/middleware/server_timing.rb:24:in `collect_events'
actionpack (7.1.4) lib/action_dispatch/middleware/server_timing.rb:58:in `call'
actionpack (7.1.4) lib/action_dispatch/middleware/executor.rb:14:in `call'
actionpack (7.1.4) lib/action_dispatch/middleware/static.rb:25:in `call'
rack (3.1.7) lib/rack/sendfile.rb:114:in `call'
actionpack (7.1.4) lib/action_dispatch/middleware/host_authorization.rb:141:in `call'
railties (7.1.4) lib/rails/engine.rb:536:in `call'
puma (6.4.2) lib/puma/configuration.rb:272:in `call'
puma (6.4.2) lib/puma/request.rb:100:in `block in handle_request'
puma (6.4.2) lib/puma/thread_pool.rb:378:in `with_force_shutdown'
puma (6.4.2) lib/puma/request.rb:99:in `handle_request'
puma (6.4.2) lib/puma/server.rb:464:in `process_client'
puma (6.4.2) lib/puma/server.rb:245:in `block in run'
puma (6.4.2) lib/puma/thread_pool.rb:155:in `block in spawn_thread'
  [1m[35m (2.5ms)[0m  [1m[35mCREATE DATABASE "server_development" ENCODING = 'unicode'[0m
  [1m[35m (0.3ms)[0m  [1m[35mCREATE DATABASE "server_test" ENCODING = 'unicode'[0m
  [1m[35m (0.2ms)[0m  [1m[34mSELECT pg_try_advisory_lock(4709995827031202925)[0m
  [1m[36mActiveRecord::SchemaMigration Load (0.7ms)[0m  [1m[34mSELECT "schema_migrations"."version" FROM "schema_migrations" ORDER BY "schema_migrations"."version" ASC[0m
  [1m[36mActiveRecord::InternalMetadata Load (2.4ms)[0m  [1m[34mSELECT * FROM "ar_internal_metadata" WHERE "ar_internal_metadata"."key" = $1 ORDER BY "ar_internal_metadata"."key" ASC LIMIT 1[0m  [[nil, "environment"]]
Migrating to CreateTasks (20240918065853)
  [1m[36mTRANSACTION (0.1ms)[0m  [1m[35mBEGIN[0m
  [1m[35m (16.1ms)[0m  [1m[35mCREATE TABLE "tasks" ("id" bigserial primary key, "name" character varying NOT NULL, "body" text NOT NULL, "category" character varying, "period" date NOT NULL, "created_at" timestamp(6) NOT NULL, "updated_at" timestamp(6) NOT NULL)[0m
  [1m[36mActiveRecord::SchemaMigration Create (0.8ms)[0m  [1m[32mINSERT INTO "schema_migrations" ("version") VALUES ('20240918065853') RETURNING "version"[0m
  [1m[36mTRANSACTION (0.4ms)[0m  [1m[35mCOMMIT[0m
  [1m[35m (0.5ms)[0m  [1m[34mSELECT pg_advisory_unlock(4709995827031202925)[0m
  [1m[36mActiveRecord::SchemaMigration Load (0.2ms)[0m  [1m[34mSELECT "schema_migrations"."version" FROM "schema_migrations" ORDER BY "schema_migrations"."version" ASC[0m
Started GET "/" for 127.0.0.1 at 2024-09-18 10:23:41 +0300
  [1m[36mActiveRecord::SchemaMigration Load (0.9ms)[0m  [1m[34mSELECT "schema_migrations"."version" FROM "schema_migrations" ORDER BY "schema_migrations"."version" ASC[0m
Processing by Rails::WelcomeController#index as HTML
  Rendering /Users/kuper/.asdf/installs/ruby/3.2.2/lib/ruby/gems/3.2.0/gems/railties-7.1.4/lib/rails/templates/rails/welcome/index.html.erb
  Rendered /Users/kuper/.asdf/installs/ruby/3.2.2/lib/ruby/gems/3.2.0/gems/railties-7.1.4/lib/rails/templates/rails/welcome/index.html.erb (Duration: 0.4ms | Allocations: 378)
Completed 200 OK in 10ms (Views: 2.2ms | ActiveRecord: 0.0ms | Allocations: 4869)


Started GET "/" for 127.0.0.1 at 2024-09-18 10:27:31 +0300
  [1m[36mActiveRecord::SchemaMigration Load (1.5ms)[0m  [1m[34mSELECT "schema_migrations"."version" FROM "schema_migrations" ORDER BY "schema_migrations"."version" ASC[0m
Processing by TasksController#index as HTML
Completed 204 No Content in 14ms (ActiveRecord: 0.0ms | Allocations: 11297)


Started GET "/tasks" for 127.0.0.1 at 2024-09-18 10:27:40 +0300
  
ActionController::RoutingError (No route matches [GET] "/tasks"):
  
Started GET "/favicon.ico" for 127.0.0.1 at 2024-09-18 10:27:40 +0300
  
ActionController::RoutingError (No route matches [GET] "/favicon.ico"):
  
  [1m[36mTRANSACTION (0.2ms)[0m  [1m[35mBEGIN[0m
  [1m[36mTask Create (3.8ms)[0m  [1m[32mINSERT INTO "tasks" ("id", "name", "body", "category", "period", "created_at", "updated_at") VALUES ($1, $2, $3, $4, $5, $6, $7) RETURNING "id"[0m  [["id", 1], ["name", "test"], ["body", "test"], ["category", "test"], ["period", "2024-12-22"], ["created_at", "2024-09-18 07:32:07.861777"], ["updated_at", "2024-09-18 07:32:07.861777"]]
  [1m[36mTRANSACTION (1.9ms)[0m  [1m[35mCOMMIT[0m
Started GET "/" for 127.0.0.1 at 2024-09-18 10:32:14 +0300
  [1m[36mActiveRecord::SchemaMigration Load (1.0ms)[0m  [1m[34mSELECT "schema_migrations"."version" FROM "schema_migrations" ORDER BY "schema_migrations"."version" ASC[0m
Processing by TasksController#index as HTML
  [1m[36mTask Load (0.7ms)[0m  [1m[34mSELECT "tasks".* FROM "tasks"[0m
  ↳ app/controllers/tasks_controller.rb:5:in `index'
[active_model_serializers] Rendered ActiveModel::Serializer::CollectionSerializer with ActiveModelSerializers::Adapter::Attributes (0.26ms)
Completed 200 OK in 55ms (Views: 20.6ms | ActiveRecord: 26.1ms | Allocations: 21356)


  [1m[36mTask Load (0.7ms)[0m  [1m[34mSELECT "tasks".* FROM "tasks"[0m
  [1m[36mTRANSACTION (0.2ms)[0m  [1m[35mBEGIN[0m
  [1m[36mTask Destroy (1.6ms)[0m  [1m[31mDELETE FROM "tasks" WHERE "tasks"."id" = $1[0m  [["id", 1]]
  [1m[36mTRANSACTION (0.9ms)[0m  [1m[35mCOMMIT[0m
  [1m[36mActiveRecord::SchemaMigration Load (0.9ms)[0m  [1m[34mSELECT "schema_migrations"."version" FROM "schema_migrations" ORDER BY "schema_migrations"."version" ASC[0m
  [1m[36mActiveRecord::SchemaMigration Load (0.3ms)[0m  [1m[34mSELECT "schema_migrations"."version" FROM "schema_migrations" ORDER BY "schema_migrations"."version" ASC[0m
  [1m[36mActiveRecord::SchemaMigration Load (0.1ms)[0m  [1m[34mSELECT "schema_migrations"."version" FROM "schema_migrations" ORDER BY "schema_migrations"."version" ASC[0m
  [1m[35m (0.3ms)[0m  [1m[34mSELECT pg_try_advisory_lock(4709995827031202925)[0m
  [1m[36mActiveRecord::SchemaMigration Load (0.1ms)[0m  [1m[34mSELECT "schema_migrations"."version" FROM "schema_migrations" ORDER BY "schema_migrations"."version" ASC[0m
Migrating to CreateTasks (20240918065853)
  [1m[36mTRANSACTION (0.1ms)[0m  [1m[35mBEGIN[0m
  [1m[35m (6.3ms)[0m  [1m[35mDROP TABLE "tasks"[0m
  [1m[36mActiveRecord::SchemaMigration Destroy (0.9ms)[0m  [1m[31mDELETE FROM "schema_migrations" WHERE "schema_migrations"."version" = '20240918065853'[0m
  [1m[36mTRANSACTION (2.8ms)[0m  [1m[35mCOMMIT[0m
  [1m[35m (0.2ms)[0m  [1m[34mSELECT pg_advisory_unlock(4709995827031202925)[0m
  [1m[36mActiveRecord::SchemaMigration Load (0.1ms)[0m  [1m[34mSELECT "schema_migrations"."version" FROM "schema_migrations" ORDER BY "schema_migrations"."version" ASC[0m
  [1m[35m (0.1ms)[0m  [1m[34mSELECT pg_try_advisory_lock(4709995827031202925)[0m
  [1m[36mActiveRecord::SchemaMigration Load (0.7ms)[0m  [1m[34mSELECT "schema_migrations"."version" FROM "schema_migrations" ORDER BY "schema_migrations"."version" ASC[0m
  [1m[36mActiveRecord::InternalMetadata Load (0.9ms)[0m  [1m[34mSELECT * FROM "ar_internal_metadata" WHERE "ar_internal_metadata"."key" = $1 ORDER BY "ar_internal_metadata"."key" ASC LIMIT 1[0m  [[nil, "environment"]]
Migrating to CreateTasks (20240918065853)
  [1m[36mTRANSACTION (0.1ms)[0m  [1m[35mBEGIN[0m
  [1m[35m (7.4ms)[0m  [1m[35mCREATE TABLE "tasks" ("id" bigserial primary key, "name" character varying NOT NULL, "body" text NOT NULL, "category" character varying, "status" character varying NOT NULL, "period" date NOT NULL, "created_at" timestamp(6) NOT NULL, "updated_at" timestamp(6) NOT NULL)[0m
  [1m[36mActiveRecord::SchemaMigration Create (0.2ms)[0m  [1m[32mINSERT INTO "schema_migrations" ("version") VALUES ('20240918065853') RETURNING "version"[0m
  [1m[36mTRANSACTION (0.6ms)[0m  [1m[35mCOMMIT[0m
  [1m[35m (0.3ms)[0m  [1m[34mSELECT pg_advisory_unlock(4709995827031202925)[0m
  [1m[36mActiveRecord::SchemaMigration Load (0.1ms)[0m  [1m[34mSELECT "schema_migrations"."version" FROM "schema_migrations" ORDER BY "schema_migrations"."version" ASC[0m
  [1m[36mTRANSACTION (0.2ms)[0m  [1m[35mBEGIN[0m
  [1m[36mTask Create (2.6ms)[0m  [1m[32mINSERT INTO "tasks" ("name", "body", "category", "status", "period", "created_at", "updated_at") VALUES ($1, $2, $3, $4, $5, $6, $7) RETURNING "id"[0m  [["name", "test"], ["body", "test"], ["category", "test"], ["status", "dimon gay"], ["period", "2034-12-22"], ["created_at", "2024-09-18 09:15:06.770808"], ["updated_at", "2024-09-18 09:15:06.770808"]]
  [1m[36mTRANSACTION (0.6ms)[0m  [1m[35mCOMMIT[0m
Started GET "/" for 127.0.0.1 at 2024-09-18 12:15:13 +0300
  [1m[36mActiveRecord::SchemaMigration Load (0.7ms)[0m  [1m[34mSELECT "schema_migrations"."version" FROM "schema_migrations" ORDER BY "schema_migrations"."version" ASC[0m
Processing by TasksController#index as HTML
  [1m[36mTask Load (0.9ms)[0m  [1m[34mSELECT "tasks".* FROM "tasks"[0m
  ↳ app/controllers/tasks_controller.rb:5:in `index'
[active_model_serializers] Rendered ActiveModel::Serializer::CollectionSerializer with ActiveModelSerializers::Adapter::Attributes (0.65ms)
Completed 200 OK in 57ms (Views: 33.5ms | ActiveRecord: 15.1ms | Allocations: 20854)


